[01:45:33] [main/INFO]: Loading for game Minecraft 1.15.1
[01:45:34] [main/INFO]: [FabricLoader] Loading 33 mods: minecraft@1.15.1, fabric-renderer-api-v1@0.2.7+f3d8141b95, fabric-networking-blockentity-v0@0.2.3+e08a730595, fabric-keybindings-v0@0.1.1+dfdb52d695, fabricloader@0.7.2+build.175, fabric-renderer-indigo@0.2.20+d830abd695, fabric-containers-v0@0.1.3+b7f9825d95, fabric-dimensions-v1@0.2.3+06c939b395, fabric-biomes-v1@0.1.5+3b05f68e95, fabric-events-interaction-v0@0.2.6+12515ed995, fabric-crash-report-info-v1@0.1.2+b7f9825d95, fabric-api-base@0.1.2+b7f9825d95, fabric-rendering-v0@1.0.1+b7f9825d95, fabric-rendering-data-attachment-v1@0.1.3+b7f9825d95, fabric-resource-loader-v0@0.1.10+06c939b395, fabric-textures-v0@1.0.4+821cdba795, fabric-content-registries-v0@0.1.3+b7f9825d95, openday@1.0.0, fabric-tag-extensions-v0@0.1.3+abd9158095, fabric-rendering-fluids-v1@0.1.6+12515ed995, fabric-registry-sync-v0@0.2.6+f3d8141b95, fabric-commands-v0@0.1.2+b7f9825d95, fabric-blockrenderlayer-v1@1.1.4+c6a8ea8995, fabric-mining-levels-v0@0.1.1+b7f9825d95, fabric-renderer-registries-v1@2.0.1+5a0f9a6095, fabric-loot-tables-v1@0.1.5+e08a730595, fabric-events-lifecycle-v0@0.1.2+b7f9825d95, fabric@0.4.25+build.282-1.15, fabric-models-v0@0.1.0+dfdb52d695, fabric-item-groups-v0@0.1.6+ec40b2e195, fabric-particles-v1@0.1.1+dfdb52d695, fabric-networking-v0@0.1.7+12515ed995, fabric-object-builders-v0@0.1.3+e4c9a9c395
[01:45:34] [main/INFO]: SpongePowered MIXIN Subsystem Version=0.8 Source=file:/home/pival81/.gradle/caches/modules-2/files-2.1/net.fabricmc/sponge-mixin/0.8+build.16/f6fa0ddc2445392cd3499197158d928c7bd321c1/sponge-mixin-0.8+build.16.jar Service=Knot/Fabric Env=CLIENT
[01:45:34] [main/INFO]: Loaded Fabric development mappings for mixin remapper!
[01:45:34] [main/INFO]: Remapping refMap fabric-networking-v0-refmap.json using remapper chain
[01:45:34] [main/INFO]: Remapping refMap fabric-networking-blockentity-v0-refmap.json using remapper chain
[01:45:34] [main/INFO]: Remapping refMap fabric-biomes-v1-refmap.json using remapper chain
[01:45:34] [main/INFO]: Remapping refMap fabric-mining-levels-v0-refmap.json using remapper chain
[01:45:34] [main/INFO]: Remapping refMap fabric-containers-v0-refmap.json using remapper chain
[01:45:34] [main/INFO]: Remapping refMap fabric-renderer-indigo-refmap.json using remapper chain
[01:45:34] [main/INFO]: Remapping refMap fabric-rendering-data-attachment-v1-refmap.json using remapper chain
[01:45:34] [main/INFO]: Remapping refMap fabric-events-interaction-v0-refmap.json using remapper chain
[01:45:34] [main/INFO]: Remapping refMap fabric-loot-tables-v1-refmap.json using remapper chain
[01:45:34] [main/INFO]: Remapping refMap fabric-dimensions-v1-refmap.json using remapper chain
[01:45:34] [main/INFO]: Remapping refMap fabric-renderer-registries-v1-refmap.json using remapper chain
[01:45:34] [main/INFO]: Remapping refMap fabric-textures-v0-refmap.json using remapper chain
[01:45:34] [main/INFO]: Remapping refMap fabric-registry-sync-v0-refmap.json using remapper chain
[01:45:34] [main/INFO]: Remapping refMap fabric-models-v0-refmap.json using remapper chain
[01:45:34] [main/INFO]: Remapping refMap fabric-keybindings-v0-refmap.json using remapper chain
[01:45:34] [main/INFO]: Remapping refMap fabric-blockrenderlayer-v1-refmap.json using remapper chain
[01:45:34] [main/INFO]: Remapping refMap fabric-renderer-api-v1-refmap.json using remapper chain
[01:45:34] [main/INFO]: Remapping refMap fabric-containers-v0-refmap.json using remapper chain
[01:45:34] [main/INFO]: Remapping refMap fabric-events-lifecycle-v0-refmap.json using remapper chain
[01:45:34] [main/INFO]: Remapping refMap fabric-rendering-fluids-v1-refmap.json using remapper chain
[01:45:34] [main/INFO]: Remapping refMap fabric-resource-loader-v0-refmap.json using remapper chain
[01:45:34] [main/INFO]: Remapping refMap fabric-particles-v1-refmap.json using remapper chain
[01:45:34] [main/INFO]: Remapping refMap fabric-rendering-v0-refmap.json using remapper chain
[01:45:34] [main/INFO]: Remapping refMap fabric-object-builders-v0-refmap.json using remapper chain
[01:45:34] [main/INFO]: Remapping refMap fabric-tag-extensions-v0-refmap.json using remapper chain
[01:45:34] [main/INFO]: Remapping refMap fabric-item-groups-v0-refmap.json using remapper chain
[01:45:34] [main/INFO]: Remapping refMap fabric-content-registries-v0-refmap.json using remapper chain
[01:45:34] [main/INFO]: Remapping refMap fabric-crash-report-info-v1-refmap.json using remapper chain
[01:45:34] [main/INFO]: Remapping refMap fabric-commands-v0-refmap.json using remapper chain
[01:45:34] [main/INFO]: Remapping refMap fabric-renderer-api-v1-refmap.json using remapper chain
[01:45:35] [main/INFO]: Setting user: Player802
